2022-05-06 13:06:05 INFO  Deliveries:14 - Delivery created with Túrkeve location and Speed KFt name
  2022-05-06 13:11:28 INFO  Exception:18 - Parameter index out of range (2 > number of parameters, which is 1).
  2022-05-06 13:12:24 INFO  Exception:18 - Parameter index out of range (2 > number of parameters, which is 1).
  2022-05-11 15:03:02 INFO  Users:54 - New userBence
  2022-05-11 15:03:02 INFO  Users:49 - UserBencelogged in
  2022-05-11 15:03:45 INFO  Users:49 - UserBencelogged in
  2022-05-11 15:04:53 INFO  Users:49 - UserBencelogged in
  2022-05-11 15:11:03 INFO  Users:49 - User admin logged in
  2022-05-19 11:28:20 INFO  Users:49 - User admin logged in
  2022-05-19 11:29:10 ERROR Exception:24 - Table 'pizza.pizza' doesn't exist
  2022-05-19 11:30:23 ERROR Exception:24 - Table 'pizza.pizza' doesn't exist
  2022-05-19 11:31:53 INFO  Users:49 - User admin logged in
  2022-05-19 11:32:19 ERROR Exception:24 - Table 'pizza.pizza' doesn't exist
  2022-05-19 11:32:28 INFO  Users:49 - User admin logged in
  2022-05-19 11:35:11 INFO  Users:49 - User admin logged in
  2022-05-19 12:06:09 INFO  Users:49 - User admin logged in
  2022-05-19 13:39:30 INFO  Users:54 - New user bence
  2022-05-19 13:39:30 INFO  Users:49 - User bence logged in
  2022-05-19 13:39:35 INFO  Users:59 - User bence logged out
  2022-05-19 13:39:42 INFO  Users:49 - User bence logged in
  2022-05-19 13:41:39 INFO  Users:49 - User bence logged in
  2022-05-19 13:44:30 INFO  Users:49 - User bence logged in
  2022-05-19 13:46:05 INFO  Users:49 - User bence logged in
  2022-05-19 13:46:56 INFO  Users:49 - User bence logged in
  2022-05-19 13:48:20 INFO  Users:49 - User bence logged in
  2022-05-19 13:49:59 INFO  Users:49 - User bence logged in
  2022-05-19 13:51:33 ERROR Exception:24 - Cannot invoke "String.split(String)" because the return value of "Abstract.Decorator.getName()" is null
  2022-05-19 13:52:25 INFO  Users:49 - User bence logged in
  2022-05-19 13:54:14 ERROR Exception:24 - Cannot invoke "String.split(String)" because the return value of "Abstract.Decorator.getName()" is null
  2022-05-19 14:00:44 INFO  Users:49 - User bence logged in
  2022-05-19 14:01:59 ERROR Exception:24 - Cannot invoke "String.split(String)" because the return value of "Abstract.Decorator.getName()" is null
  2022-05-19 14:03:57 INFO  Users:49 - User bence logged in
  2022-05-19 14:05:10 ERROR Exception:24 - Cannot invoke "String.split(String)" because the return value of "Abstract.Decorator.getName()" is null
  2022-05-19 14:09:54 INFO  Users:49 - User bence logged in
  2022-05-19 14:11:04 ERROR Exception:24 - Cannot invoke "Classes.Pizza.getNumber()" because "this.decorator.pizza" is null
  2022-05-19 14:14:11 INFO  Users:49 - User bence logged in
  2022-05-19 14:16:16 ERROR Exception:24 - Cannot invoke "Classes.Pizza.getNumber()" because "this.decorator.pizza" is null
  2022-05-19 14:18:04 INFO  Users:49 - User bence logged in
  2022-05-19 14:19:20 ERROR Exception:24 - Cannot invoke "Classes.Pizza.getNumber()" because "this.decorator.pizza" is null
  2022-05-19 14:19:31 INFO  Users:49 - User bence logged in
  2022-05-19 14:21:57 ERROR Exception:24 - Cannot invoke "Classes.Pizza.getNumber()" because "this.decorator.pizza" is null
  2022-05-19 14:22:25 INFO  Users:49 - User bence logged in
  2022-05-19 14:23:27 ERROR Exception:24 - Cannot invoke "Classes.Pizza.getNumber()" because "this.decorator.pizza" is null
  2022-05-19 14:23:46 INFO  Users:49 - User bence logged in
  2022-05-19 14:24:42 ERROR Exception:24 - Cannot invoke "Classes.Pizza.getNumber()" because "this.decorator.pizza" is null
  2022-05-19 14:25:12 INFO  Users:49 - User bence logged in
  2022-05-19 14:26:11 ERROR Exception:24 - Cannot invoke "Classes.Pizza.getNumber()" because "this.decorator.pizza" is null
  2022-05-19 14:29:23 INFO  Users:49 - User bence logged in
  2022-05-19 14:33:44 INFO  Users:49 - User bence logged in
  2022-05-19 14:38:51 INFO  Users:49 - User bence logged in
  2022-05-19 14:39:13 INFO  Users:49 - User bence logged in
  2022-05-19 14:41:02 INFO  Users:49 - User bence logged in
  2022-05-19 14:42:06 ERROR Exception:24 - Cannot invoke "java.sql.ResultSet.getInt(String)" because "rs" is null
  2022-05-19 14:42:21 INFO  Users:49 - User bence logged in
  2022-05-19 14:43:36 ERROR Exception:24 - Cannot invoke "java.sql.ResultSet.getInt(String)" because "rs" is null
  2022-05-19 14:44:44 INFO  Users:49 - User bence logged in
  2022-05-19 14:46:52 INFO  Users:49 - User bence logged in
  2022-05-19 15:20:29 INFO  Users:49 - User admin logged in
  2022-05-19 15:21:39 INFO  Users:49 - User admin logged in
  2022-05-19 15:26:50 ERROR Exception:24 - Cannot invoke "java.util.List.add(Object)" because "actual" is null
  2022-05-19 17:09:33 ERROR Exception:24 - Table 'pizza.pizzas' doesn't exist
  2022-05-19 17:09:33 ERROR Exception:24 - Table 'pizza.pizzas' doesn't exist
  2022-05-19 17:26:41 INFO  Users:49 - User admin logged in
  2022-05-19 17:26:56 ERROR Exception:24 - Cannot add or update a child row: a foreign key constraint fails (`pizza`.`orders`, CONSTRAINT `FK_foreing` FOREIGN KEY (`topping_id`) REFERENCES `toppings` (`toppings_id`))
  2022-05-19 17:32:21 INFO  Users:49 - User bence logged in
  2022-05-19 17:32:30 ERROR Exception:24 - Cannot add or update a child row: a foreign key constraint fails (`pizza`.`orders`, CONSTRAINT `FK_foreing` FOREIGN KEY (`topping_id`) REFERENCES `toppings` (`toppings_id`))
  2022-05-19 17:34:09 INFO  Users:49 - User admin logged in
  2022-05-19 17:34:52 INFO  Users:49 - User admin logged in
  2022-05-19 17:36:22 INFO  Users:49 - User admin logged in
  2022-05-19 17:38:01 ERROR Exception:24 - Cannot add or update a child row: a foreign key constraint fails (`pizza`.`orders`, CONSTRAINT `FK_foreing` FOREIGN KEY (`topping_id`) REFERENCES `toppings` (`toppings_id`))
  2022-05-19 17:38:58 INFO  Users:49 - User admin logged in
  2022-05-19 17:40:17 ERROR Exception:24 - Cannot add or update a child row: a foreign key constraint fails (`pizza`.`orders`, CONSTRAINT `FK_foreing` FOREIGN KEY (`topping_id`) REFERENCES `toppings` (`toppings_id`))
  2022-05-19 17:41:41 INFO  Users:49 - User admin logged in
  2022-05-19 17:41:43 INFO  Users:59 - User admin logged out
  2022-05-19 17:41:49 INFO  Users:49 - User admin logged in
  2022-05-19 17:45:00 INFO  Users:49 - User admin logged in
  2022-05-19 17:46:58 INFO  Users:49 - User admin logged in
  2022-05-19 17:51:02 INFO  Users:49 - User admin logged in
  2022-05-19 18:00:55 INFO  Users:49 - User admin logged in
  2022-05-19 18:00:59 INFO  Users:59 - User admin logged out
  2022-05-19 18:01:04 INFO  Users:49 - User user logged in
  2022-05-19 18:01:42 INFO  Users:49 - User user logged in
  2022-05-19 18:02:26 INFO  Users:49 - User bence logged in
  2022-05-19 18:10:20 INFO  Users:49 - User admin logged in
  2022-05-19 18:10:23 INFO  Users:59 - User admin logged out
  2022-05-19 18:22:16 INFO  Users:49 - User bence logged in
  2022-05-19 18:24:27 INFO  Orders:29 - New order from user: user
  